#
# A fatal error has been detected by the Java Runtime Environment:
#
#  EXCEPTION_ACCESS_VIOLATION (0xc0000005) at pc=0x05e7c059, pid=6080, tid=6064
#
# JRE version: 6.0_16-b01
# Java VM: Java HotSpot(TM) Client VM (14.2-b01 mixed mode, sharing windows-x86 )
# Problematic frame:
# C  [OpenAL32.dll+0xc059]
#
# If you would like to submit a bug report, please visit:
#   http://java.sun.com/webapps/bugreport/crash.jsp
#

---------------  T H R E A D  ---------------

Current thread (0x02bbb800):  VMThread [stack: 0x02ca0000,0x02cf0000] [id=6064]

siginfo: ExceptionCode=0xc0000005, reading address 0x05fbe730

Registers:
EAX=0x05fbe730, EBX=0x05e70000, ECX=0x05fa21f0, EDX=0x00000000
ESP=0x02cefbf4, EBP=0x02cefc50, ESI=0x05fa21d0, EDI=0x05fa21a0
EIP=0x05e7c059, EFLAGS=0x00010202

Top of Stack: (sp=0x02cefbf4)
0x02cefbf4:   00000001 05fa21a0 05e76db2 05fa21a0
0x02cefc04:   00000000 05e76dee 05fa21a0 05e76e1f
0x02cefc14:   05e80328 05e70000 00000000 00000001
0x02cefc24:   508ce84c 00000000 02cefc70 001c6d70
0x02cefc34:   00000001 02cefc24 02cef808 02cefcf0
0x02cefc44:   05e81ff0 57abf22c 00000000 02cefc5c
0x02cefc54:   05e803d0 05e70000 02cefc7c 7c90118a
0x02cefc64:   05e70000 00000000 00000001 001c6d70 

Instructions: (pc=0x05e7c059)
0x05e7c049:   c7 46 0c 01 00 00 00 e8 4f f0 ff ff 8b 46 08 59
0x05e7c059:   8b 08 50 ff 51 08 8b 46 04 85 c0 74 06 8b 08 50 


Stack: [0x02ca0000,0x02cf0000],  sp=0x02cefbf4,  free space=318k
Native frames: (J=compiled Java code, j=interpreted, Vv=VM code, C=native code)
C  [OpenAL32.dll+0xc059]
C  [OpenAL32.dll+0x103d0]
C  [ntdll.dll+0x118a]
C  [ntdll.dll+0x23ada]
C  [kernel32.dll+0x1caae]
C  [kernel32.dll+0x1cb26]
C  [msvcr71.dll+0x8d04]
C  [msvcr71.dll+0x8d11]
V  [jvm.dll+0x1e925d]
V  [jvm.dll+0x1e853e]
V  [jvm.dll+0x1e888c]
V  [jvm.dll+0x1e8cb2]
V  [jvm.dll+0x173e5c]
C  [msvcr71.dll+0x9565]
C  [kernel32.dll+0xb729]

VM_Operation (0x056ef9e0): Exit, mode: safepoint, requested by thread 0x02c31800


---------------  P R O C E S S  ---------------

Java Threads: ( => current thread )
  0x09b14000 JavaThread "AWT-Shutdown" [_thread_blocked, id=4808, stack(0x04200000,0x04250000)]
  0x00947000 JavaThread "DestroyJavaVM" [_thread_blocked, id=4888, stack(0x009e0000,0x00a30000)]
  0x02c31800 JavaThread "OpenGL" [_thread_blocked, id=4580, stack(0x056a0000,0x056f0000)]
  0x0302bc00 JavaThread "TimerQueue" daemon [_thread_blocked, id=1612, stack(0x05250000,0x052a0000)]
  0x02fa2000 JavaThread "Java2D Disposer" daemon [_thread_blocked, id=5744, stack(0x031b0000,0x03200000)]
  0x02c09800 JavaThread "Low Memory Detector" daemon [_thread_blocked, id=5596, stack(0x02e80000,0x02ed0000)]
  0x02c03400 JavaThread "CompilerThread0" daemon [_thread_blocked, id=5564, stack(0x02e30000,0x02e80000)]
  0x02c01c00 JavaThread "Attach Listener" daemon [_thread_blocked, id=2248, stack(0x02de0000,0x02e30000)]
  0x02c00800 JavaThread "Signal Dispatcher" daemon [_thread_blocked, id=5692, stack(0x02d90000,0x02de0000)]
  0x02bbe800 JavaThread "Finalizer" daemon [_thread_blocked, id=5556, stack(0x02d40000,0x02d90000)]
  0x02bbd000 JavaThread "Reference Handler" daemon [_thread_blocked, id=560, stack(0x02cf0000,0x02d40000)]

Other Threads:
=>0x02bbb800 VMThread [stack: 0x02ca0000,0x02cf0000] [id=6064]

VM state:at safepoint (shutting down)

VM Mutex/Monitor currently owned by a thread:  ([mutex/lock_event])
[0x00945f18] Threads_lock - owner thread: 0x02bbb800

Heap
 def new generation   total 960K, used 125K [0x22990000, 0x22a90000, 0x22e70000)
  eden space 896K,   7% used [0x22990000, 0x229a0d10, 0x22a70000)
  from space 64K,  90% used [0x22a70000, 0x22a7e7c8, 0x22a80000)
  to   space 64K,   0% used [0x22a80000, 0x22a80000, 0x22a90000)
 tenured generation   total 4096K, used 2160K [0x22e70000, 0x23270000, 0x26990000)
   the space 4096K,  52% used [0x22e70000, 0x2308c060, 0x2308c200, 0x23270000)
 compacting perm gen  total 12288K, used 5129K [0x26990000, 0x27590000, 0x2a990000)
   the space 12288K,  41% used [0x26990000, 0x26e926b8, 0x26e92800, 0x27590000)
    ro space 8192K,  63% used [0x2a990000, 0x2aea9920, 0x2aea9a00, 0x2b190000)
    rw space 12288K,  53% used [0x2b190000, 0x2b804dd0, 0x2b804e00, 0x2bd90000)

Dynamic libraries:
0x00400000 - 0x00424000 	C:\Program Files\Java\jre6\bin\javaw.exe
0x7c900000 - 0x7c9b2000 	C:\WINDOWS\system32\ntdll.dll
0x7c800000 - 0x7c8f6000 	C:\WINDOWS\system32\kernel32.dll
0x10000000 - 0x10063000 	C:\WINDOWS\SYSTEM32\SYSFER.DLL
0x77dd0000 - 0x77e6b000 	C:\WINDOWS\system32\ADVAPI32.dll
0x77e70000 - 0x77f02000 	C:\WINDOWS\system32\RPCRT4.dll
0x77fe0000 - 0x77ff1000 	C:\WINDOWS\system32\Secur32.dll
0x7e410000 - 0x7e4a1000 	C:\WINDOWS\system32\USER32.dll
0x77f10000 - 0x77f59000 	C:\WINDOWS\system32\GDI32.dll
0x76390000 - 0x763ad000 	C:\WINDOWS\system32\IMM32.DLL
0x629c0000 - 0x629c9000 	C:\WINDOWS\system32\LPK.DLL
0x74d90000 - 0x74dfb000 	C:\WINDOWS\system32\USP10.dll
0x7c340000 - 0x7c396000 	C:\Program Files\Java\jre6\bin\msvcr71.dll
0x6d800000 - 0x6da8b000 	C:\Program Files\Java\jre6\bin\client\jvm.dll
0x76b40000 - 0x76b6d000 	C:\WINDOWS\system32\WINMM.dll
0x6d7b0000 - 0x6d7bc000 	C:\Program Files\Java\jre6\bin\verify.dll
0x6d330000 - 0x6d34f000 	C:\Program Files\Java\jre6\bin\java.dll
0x6d290000 - 0x6d298000 	C:\Program Files\Java\jre6\bin\hpi.dll
0x76bf0000 - 0x76bfb000 	C:\WINDOWS\system32\PSAPI.DLL
0x6d7f0000 - 0x6d7ff000 	C:\Program Files\Java\jre6\bin\zip.dll
0x6d000000 - 0x6d14a000 	C:\Program Files\Java\jre6\bin\awt.dll
0x73000000 - 0x73026000 	C:\WINDOWS\system32\WINSPOOL.DRV
0x77c10000 - 0x77c68000 	C:\WINDOWS\system32\msvcrt.dll
0x774e0000 - 0x7761d000 	C:\WINDOWS\system32\ole32.dll
0x773d0000 - 0x774d3000 	C:\WINDOWS\WinSxS\x86_Microsoft.Windows.Common-Controls_6595b64144ccf1df_6.0.2600.5512_x-ww_35d4ce83\comctl32.dll
0x77f60000 - 0x77fd6000 	C:\WINDOWS\system32\SHLWAPI.dll
0x5ad70000 - 0x5ada8000 	C:\WINDOWS\system32\uxtheme.dll
0x74720000 - 0x7476c000 	C:\WINDOWS\system32\MSCTF.dll
0x755c0000 - 0x755ee000 	C:\WINDOWS\system32\msctfime.ime
0x7c9c0000 - 0x7d1d7000 	C:\WINDOWS\system32\shell32.dll
0x6d230000 - 0x6d284000 	C:\Program Files\Java\jre6\bin\fontmanager.dll
0x77c00000 - 0x77c08000 	C:\WINDOWS\system32\VERSION.dll
0x6d610000 - 0x6d623000 	C:\Program Files\Java\jre6\bin\net.dll
0x71ab0000 - 0x71ac7000 	C:\WINDOWS\system32\WS2_32.dll
0x71aa0000 - 0x71aa8000 	C:\WINDOWS\system32\WS2HELP.dll
0x6d630000 - 0x6d639000 	C:\Program Files\Java\jre6\bin\nio.dll
0x71b20000 - 0x71b32000 	C:\WINDOWS\system32\MPR.dll
0x60f80000 - 0x60f86000 	C:\Program Files\Symantec\Symantec Endpoint Protection\SnacNp.dll
0x58200000 - 0x582d1000 	C:\WINDOWS\system32\NOVNPNT.DLL
0x5b860000 - 0x5b8b5000 	C:\WINDOWS\system32\NETAPI32.dll
0x50d20000 - 0x50d54000 	C:\WINDOWS\system32\CALWIN32.DLL
0x50d00000 - 0x50d16000 	C:\WINDOWS\system32\CLNWIN32.DLL
0x50df0000 - 0x50e15000 	C:\WINDOWS\system32\LOCWIN32.dll
0x50db0000 - 0x50de5000 	C:\WINDOWS\system32\NCPWIN32.dll
0x03440000 - 0x03475000 	C:\WINDOWS\system32\NETWIN32.DLL
0x71ad0000 - 0x71ad9000 	C:\WINDOWS\system32\WSOCK32.dll
0x50da0000 - 0x50db0000 	C:\WINDOWS\system32\CLXWIN32.DLL
0x58300000 - 0x5833b000 	C:\WINDOWS\system32\MAPBASE.dll
0x58380000 - 0x583be000 	C:\WINDOWS\system32\NWSHLXNT.dll
0x6a400000 - 0x6a41c000 	C:\WINDOWS\system32\NLS\ENGLISH\MAPBASER.DLL
0x03730000 - 0x0374d000 	C:\WINDOWS\system32\NLS\ENGLISH\NWSHLXNR.DLL
0x03760000 - 0x037d4000 	C:\WINDOWS\system32\NLS\ENGLISH\NOVNPNTR.DLL
0x75f60000 - 0x75f67000 	C:\WINDOWS\System32\drprov.dll
0x71c10000 - 0x71c1e000 	C:\WINDOWS\System32\ntlanman.dll
0x71cd0000 - 0x71ce7000 	C:\WINDOWS\System32\NETUI0.dll
0x71c90000 - 0x71cd0000 	C:\WINDOWS\System32\NETUI1.dll
0x71c80000 - 0x71c87000 	C:\WINDOWS\System32\NETRAP.dll
0x71bf0000 - 0x71c03000 	C:\WINDOWS\System32\SAMLIB.dll
0x75f70000 - 0x75f7a000 	C:\WINDOWS\System32\davclnt.dll
0x03800000 - 0x03ac5000 	C:\WINDOWS\system32\xpsp2res.dll
0x77b40000 - 0x77b62000 	C:\WINDOWS\system32\appHelp.dll
0x76fd0000 - 0x7704f000 	C:\WINDOWS\system32\CLBCATQ.DLL
0x77050000 - 0x77115000 	C:\WINDOWS\system32\COMRes.dll
0x77120000 - 0x771ab000 	C:\WINDOWS\system32\OLEAUT32.dll
0x71a50000 - 0x71a8f000 	C:\WINDOWS\system32\MSWSOCK.dll
0x76f60000 - 0x76f8c000 	C:\WINDOWS\system32\WLDAP32.dll
0x77a80000 - 0x77b15000 	C:\WINDOWS\system32\CRYPT32.dll
0x77b20000 - 0x77b32000 	C:\WINDOWS\system32\MSASN1.dll
0x03e40000 - 0x03e9b000 	C:\Program Files\Common Files\Adobe\Acrobat\ActiveX\PDFShell.dll
0x03eb0000 - 0x03f4b000 	C:\WINDOWS\WinSxS\x86_Microsoft.VC80.CRT_1fc8b3b9a1e18e3b_8.0.50727.3053_x-ww_b80fa8ca\MSVCR80.dll
0x77920000 - 0x77a13000 	C:\WINDOWS\system32\SETUPAPI.dll
0x76c30000 - 0x76c5e000 	C:\WINDOWS\system32\WINTRUST.dll
0x76c90000 - 0x76cb8000 	C:\WINDOWS\system32\IMAGEHLP.dll
0x76980000 - 0x76988000 	C:\WINDOWS\system32\LINKINFO.dll
0x76990000 - 0x769b5000 	C:\WINDOWS\system32\ntshrui.dll
0x76b20000 - 0x76b31000 	C:\WINDOWS\system32\ATL.DLL
0x769c0000 - 0x76a74000 	C:\WINDOWS\system32\USERENV.dll
0x056f0000 - 0x05747000 	H:\NET\CFG\VirtualWarehouseWorkspace\jme\lib\lwjgl\native\windows\lwjgl.dll
0x5ed00000 - 0x5edcc000 	C:\WINDOWS\system32\OPENGL32.dll
0x68b20000 - 0x68b40000 	C:\WINDOWS\system32\GLU32.dll
0x73760000 - 0x737ab000 	C:\WINDOWS\system32\DDRAW.dll
0x73bc0000 - 0x73bc6000 	C:\WINDOWS\system32\DCIMAN32.dll
0x69030000 - 0x69cbd000 	C:\WINDOWS\system32\atioglxx.dll
0x040c0000 - 0x040e8000 	C:\WINDOWS\system32\atiadlxx.dll
0x68000000 - 0x68036000 	C:\WINDOWS\system32\rsaenh.dll
0x76f20000 - 0x76f47000 	C:\WINDOWS\system32\DNSAPI.dll
0x76fb0000 - 0x76fb8000 	C:\WINDOWS\System32\winrnr.dll
0x66210000 - 0x66219000 	C:\WINDOWS\system32\netware\NWWS2NDS.DLL
0x66220000 - 0x6622c000 	C:\WINDOWS\system32\netware\NWWS2SLP.DLL
0x66250000 - 0x66257000 	C:\WINDOWS\system32\NWSRVLOC.dll
0x16080000 - 0x160a5000 	C:\Program Files\Bonjour\mdnsNSP.dll
0x76d60000 - 0x76d79000 	C:\WINDOWS\system32\Iphlpapi.dll
0x76fc0000 - 0x76fc6000 	C:\WINDOWS\system32\rasadhlp.dll
0x05e70000 - 0x05f99000 	H:\NET\CFG\VirtualWarehouseWorkspace\jme\lib\lwjgl\native\windows\OpenAL32.dll
0x73f10000 - 0x73f6c000 	C:\WINDOWS\system32\dsound.dll
0x72d20000 - 0x72d29000 	C:\WINDOWS\system32\wdmaud.drv
0x72d10000 - 0x72d18000 	C:\WINDOWS\system32\msacm32.drv
0x77be0000 - 0x77bf5000 	C:\WINDOWS\system32\MSACM32.dll
0x77bd0000 - 0x77bd7000 	C:\WINDOWS\system32\midimap.dll
0x73ee0000 - 0x73ee4000 	C:\WINDOWS\system32\KsUser.dll

VM Arguments:
jvm_args: -Djava.library.path=H:\NET\CFG\VirtualWarehouseWorkspace\jme\lib\lwjgl\native\windows -Dfile.encoding=UTF-8 
java_command: com.jmex.model.util.ModelLoader
Launcher Type: SUN_STANDARD

Environment Variables:
CLASSPATH=.;C:\Program Files\Java\jre6\lib\ext\QTJava.zip
PATH=C:/Program Files/Java/jre6/bin/client;C:/Program Files/Java/jre6/bin;C:\WINDOWS\system32;C:\WINDOWS;C:\WINDOWS\System32\Wbem;C:\Program Files\Intel\DMIX;C:\Program Files\Common Files\Roxio Shared\DLLShared\;c:\Program Files\Common Files\Roxio Shared\9.0\DLLShared\;C:\Program Files\ATI Technologies\ATI.ACE\Core-Static;C:\WINDOWS\system32\nls;C:\WINDOWS\system32\nls\ENGLISH;C:\Program Files\Novell\ZENworks\;C:\Program Files\Novell\GroupWise;C:\Program Files\QuickTime\QTSystem\;C:\Program Files\TortoiseSVN\bin;C:\WINDOWS\system32\WindowsPowerShell\v1.0;Z:.;
USERNAME=aaronramsey
OS=Windows_NT
PROCESSOR_IDENTIFIER=x86 Family 6 Model 15 Stepping 11, GenuineIntel



---------------  S Y S T E M  ---------------

OS: Windows XP Build 2600 Service Pack 3

CPU:total 2 (2 cores per cpu, 1 threads per core) family 6 model 15 stepping 11, cmov, cx8, fxsr, mmx, sse, sse2, sse3, ssse3

Memory: 4k page, physical 2079976k(65924k free), swap 4016992k(1761028k free)

vm_info: Java HotSpot(TM) Client VM (14.2-b01) for windows-x86 JRE (1.6.0_16-b01), built on Jul 31 2009 11:26:58 by "java_re" with MS VC++ 7.1

time: Sat Jan 09 22:08:59 2010
elapsed time: 53 seconds

